# Logfile created on 2014-07-12 08:50:02 -0500 by logger.rb/41954
I, [2014-07-12T08:50:02.163290 #16931]  INFO -- : 0:  rake (10.3.2) from /Users/admin/.rvm/gems/ruby-2.0.0-p353/specifications/rake-10.3.2.gemspec
I, [2014-07-12T08:50:03.158769 #16931]  INFO -- : 0:  i18n (0.6.11) from /Users/admin/.rvm/gems/ruby-2.0.0-p353/specifications/i18n-0.6.11.gemspec
I, [2014-07-12T08:50:03.159307 #16931]  INFO -- : 0:  minitest (4.7.5) from /Users/admin/.rvm/gems/ruby-2.0.0-p353/specifications/minitest-4.7.5.gemspec
I, [2014-07-12T08:50:03.967921 #16931]  INFO -- : 0:  multi_json (1.10.1) from /Users/admin/.rvm/gems/ruby-2.0.0-p353/specifications/multi_json-1.10.1.gemspec
I, [2014-07-12T08:50:05.015577 #16931]  INFO -- : 0:  thread_safe (0.3.4) from /Users/admin/.rvm/gems/ruby-2.0.0-p353/specifications/thread_safe-0.3.4.gemspec
I, [2014-07-12T08:50:06.788871 #16931]  INFO -- : 0:  tzinfo (0.3.40) from /Users/admin/.rvm/gems/ruby-2.0.0-p353/specifications/tzinfo-0.3.40.gemspec
I, [2014-07-12T08:50:06.789345 #16931]  INFO -- : 0:  activesupport (4.0.2) from /Users/admin/.rvm/gems/ruby-2.0.0-p353/specifications/activesupport-4.0.2.gemspec
I, [2014-07-12T08:50:06.789717 #16931]  INFO -- : 0:  builder (3.1.4) from /Users/admin/.rvm/gems/ruby-2.0.0-p353/specifications/builder-3.1.4.gemspec
I, [2014-07-12T08:50:06.790048 #16931]  INFO -- : 0:  erubis (2.7.0) from /Users/admin/.rvm/gems/ruby-2.0.0-p353/specifications/erubis-2.7.0.gemspec
I, [2014-07-12T08:50:06.790376 #16931]  INFO -- : 0:  rack (1.5.2) from /Users/admin/.rvm/gems/ruby-2.0.0-p353/specifications/rack-1.5.2.gemspec
I, [2014-07-12T08:50:06.790651 #16931]  INFO -- : 0:  rack-test (0.6.2) from /Users/admin/.rvm/gems/ruby-2.0.0-p353/specifications/rack-test-0.6.2.gemspec
I, [2014-07-12T08:50:06.790934 #16931]  INFO -- : 0:  actionpack (4.0.2) from /Users/admin/.rvm/gems/ruby-2.0.0-p353/specifications/actionpack-4.0.2.gemspec
I, [2014-07-12T08:50:06.791216 #16931]  INFO -- : 0:  mime-types (1.25.1) from /Users/admin/.rvm/gems/ruby-2.0.0-p353/specifications/mime-types-1.25.1.gemspec
I, [2014-07-12T08:50:07.474791 #16931]  INFO -- : 0:  polyglot (0.3.5) from /Users/admin/.rvm/gems/ruby-2.0.0-p353/specifications/polyglot-0.3.5.gemspec
I, [2014-07-12T08:50:07.475291 #16931]  INFO -- : 0:  treetop (1.4.15) from /Users/admin/.rvm/gems/ruby-2.0.0-p353/specifications/treetop-1.4.15.gemspec
I, [2014-07-12T08:50:07.475632 #16931]  INFO -- : 0:  mail (2.5.4) from /Users/admin/.rvm/gems/ruby-2.0.0-p353/specifications/mail-2.5.4.gemspec
I, [2014-07-12T08:50:07.475975 #16931]  INFO -- : 0:  actionmailer (4.0.2) from /Users/admin/.rvm/gems/ruby-2.0.0-p353/specifications/actionmailer-4.0.2.gemspec
I, [2014-07-12T08:50:07.476314 #16931]  INFO -- : 0:  activemodel (4.0.2) from /Users/admin/.rvm/gems/ruby-2.0.0-p353/specifications/activemodel-4.0.2.gemspec
I, [2014-07-12T08:50:07.476649 #16931]  INFO -- : 0:  activerecord-deprecated_finders (1.0.3) from /Users/admin/.rvm/gems/ruby-2.0.0-p353/specifications/activerecord-deprecated_finders-1.0.3.gemspec
I, [2014-07-12T08:50:07.476985 #16931]  INFO -- : 0:  arel (4.0.2) from /Users/admin/.rvm/gems/ruby-2.0.0-p353/specifications/arel-4.0.2.gemspec
I, [2014-07-12T08:50:07.477324 #16931]  INFO -- : 0:  activerecord (4.0.2) from /Users/admin/.rvm/gems/ruby-2.0.0-p353/specifications/activerecord-4.0.2.gemspec
I, [2014-07-12T08:50:07.477644 #16931]  INFO -- : 0:  bundler (1.5.1) from /Users/admin/.rvm/gems/ruby-2.0.0-p353@global/specifications/bundler-1.5.1.gemspec
I, [2014-07-12T08:50:08.186786 #16931]  INFO -- : 0:  mini_portile (0.6.0) from /Users/admin/.rvm/gems/ruby-2.0.0-p353/specifications/mini_portile-0.6.0.gemspec
I, [2014-07-12T08:51:56.066458 #16931]  INFO -- : 0:  nokogiri (1.6.2.1) from /Users/admin/.rvm/gems/ruby-2.0.0-p353/specifications/nokogiri-1.6.2.1.gemspec
I, [2014-07-12T08:51:56.067213 #16931]  INFO -- : 0:  xpath (2.0.0) from /Users/admin/.rvm/gems/ruby-2.0.0-p353/specifications/xpath-2.0.0.gemspec
I, [2014-07-12T08:51:56.067628 #16931]  INFO -- : 0:  capybara (2.1.0) from /Users/admin/.rvm/gems/ruby-2.0.0-p353/specifications/capybara-2.1.0.gemspec
I, [2014-07-12T08:51:57.754571 #16931]  INFO -- : 0:  coffee-script-source (1.7.1) from /Users/admin/.rvm/gems/ruby-2.0.0-p353/specifications/coffee-script-source-1.7.1.gemspec
I, [2014-07-12T08:51:59.237459 #16931]  INFO -- : 0:  execjs (2.2.1) from /Users/admin/.rvm/gems/ruby-2.0.0-p353/specifications/execjs-2.2.1.gemspec
I, [2014-07-12T08:52:00.539618 #16931]  INFO -- : 0:  coffee-script (2.3.0) from /Users/admin/.rvm/gems/ruby-2.0.0-p353/specifications/coffee-script-2.3.0.gemspec
I, [2014-07-12T08:52:00.540332 #16931]  INFO -- : 0:  thor (0.19.1) from /Users/admin/.rvm/gems/ruby-2.0.0-p353/specifications/thor-0.19.1.gemspec
I, [2014-07-12T08:52:00.540805 #16931]  INFO -- : 0:  railties (4.0.2) from /Users/admin/.rvm/gems/ruby-2.0.0-p353/specifications/railties-4.0.2.gemspec
I, [2014-07-12T08:52:00.541292 #16931]  INFO -- : 0:  coffee-rails (4.0.1) from /Users/admin/.rvm/gems/ruby-2.0.0-p353/specifications/coffee-rails-4.0.1.gemspec
I, [2014-07-12T08:52:00.541778 #16931]  INFO -- : 0:  diff-lcs (1.2.5) from /Users/admin/.rvm/gems/ruby-2.0.0-p353/specifications/diff-lcs-1.2.5.gemspec
I, [2014-07-12T08:52:00.542273 #16931]  INFO -- : 0:  hike (1.2.3) from /Users/admin/.rvm/gems/ruby-2.0.0-p353/specifications/hike-1.2.3.gemspec
I, [2014-07-12T08:52:00.542731 #16931]  INFO -- : 0:  jbuilder (1.5.3) from /Users/admin/.rvm/gems/ruby-2.0.0-p353/specifications/jbuilder-1.5.3.gemspec
I, [2014-07-12T08:52:01.943699 #16931]  INFO -- : 0:  jquery-rails (3.1.1) from /Users/admin/.rvm/gems/ruby-2.0.0-p353/specifications/jquery-rails-3.1.1.gemspec
I, [2014-07-12T08:52:01.944164 #16931]  INFO -- : 0:  json (1.8.1) from /Users/admin/.rvm/gems/ruby-2.0.0-p353/specifications/json-1.8.1.gemspec
I, [2014-07-12T08:52:01.944448 #16931]  INFO -- : 0:  tilt (1.4.1) from /Users/admin/.rvm/gems/ruby-2.0.0-p353/specifications/tilt-1.4.1.gemspec
I, [2014-07-12T08:52:01.944731 #16931]  INFO -- : 0:  sprockets (2.11.0) from /Users/admin/.rvm/gems/ruby-2.0.0-p353/specifications/sprockets-2.11.0.gemspec
I, [2014-07-12T08:52:01.945269 #16931]  INFO -- : 0:  sprockets-rails (2.0.1) from /Users/admin/.rvm/gems/ruby-2.0.0-p353/specifications/sprockets-rails-2.0.1.gemspec
I, [2014-07-12T08:52:01.945719 #16931]  INFO -- : 0:  rails (4.0.2) from /Users/admin/.rvm/gems/ruby-2.0.0-p353/specifications/rails-4.0.2.gemspec
I, [2014-07-12T08:52:01.946723 #16931]  INFO -- : 0:  rdoc (4.1.1) from /Users/admin/.rvm/gems/ruby-2.0.0-p353/specifications/rdoc-4.1.1.gemspec
I, [2014-07-12T08:52:03.174391 #16931]  INFO -- : 0:  rspec-core (2.14.8) from /Users/admin/.rvm/gems/ruby-2.0.0-p353/specifications/rspec-core-2.14.8.gemspec
I, [2014-07-12T08:52:03.174970 #16931]  INFO -- : 0:  rspec-expectations (2.14.5) from /Users/admin/.rvm/gems/ruby-2.0.0-p353/specifications/rspec-expectations-2.14.5.gemspec
I, [2014-07-12T08:52:04.342604 #16931]  INFO -- : 0:  rspec-mocks (2.14.6) from /Users/admin/.rvm/gems/ruby-2.0.0-p353/specifications/rspec-mocks-2.14.6.gemspec
I, [2014-07-12T08:52:04.343271 #16931]  INFO -- : 0:  rspec-rails (2.14.2) from /Users/admin/.rvm/gems/ruby-2.0.0-p353/specifications/rspec-rails-2.14.2.gemspec
I, [2014-07-12T08:52:04.343619 #16931]  INFO -- : 0:  sass (3.2.19) from /Users/admin/.rvm/gems/ruby-2.0.0-p353/specifications/sass-3.2.19.gemspec
I, [2014-07-12T08:52:04.343968 #16931]  INFO -- : 0:  sass-rails (4.0.3) from /Users/admin/.rvm/gems/ruby-2.0.0-p353/specifications/sass-rails-4.0.3.gemspec
I, [2014-07-12T08:52:04.344304 #16931]  INFO -- : 0:  sdoc (0.4.0) from /Users/admin/.rvm/gems/ruby-2.0.0-p353/specifications/sdoc-0.4.0.gemspec
I, [2014-07-12T08:52:04.344649 #16931]  INFO -- : 0:  sqlite3 (1.3.9) from /Users/admin/.rvm/gems/ruby-2.0.0-p353/specifications/sqlite3-1.3.9.gemspec
I, [2014-07-12T08:52:04.344996 #16931]  INFO -- : 0:  turbolinks (2.2.2) from /Users/admin/.rvm/gems/ruby-2.0.0-p353/specifications/turbolinks-2.2.2.gemspec
I, [2014-07-12T08:52:05.243036 #16931]  INFO -- : 0:  uglifier (2.5.1) from /Users/admin/.rvm/gems/ruby-2.0.0-p353/specifications/uglifier-2.5.1.gemspec
